2019-04-30 16:12:47,193:DEBUG:creating geocoding objects.
2019-04-30 16:12:47,193:DEBUG:OpenMapQuest.geocode: https://open.mapquestapi.com/nominatim/v1/search?q=98+Townsend+Lane%2CLiverpool%2C+L6+0BB%0A&format=json&limit=1&key=txNRTsTz2lGm8cDpwUKRDuSnwb1tZgPN
2019-04-30 16:12:47,893:DEBUG:OpenMapQuest.geocode: https://open.mapquestapi.com/nominatim/v1/search?q=49-51+Mere+Lane%2CLiverpool%2C+L5+0QW%0A&format=json&limit=1&key=txNRTsTz2lGm8cDpwUKRDuSnwb1tZgPN
2019-04-30 16:12:48,569:DEBUG:OpenMapQuest.geocode: https://open.mapquestapi.com/nominatim/v1/search?q=Crystal+Close%2CLiverpool%2C+L13+2GA%0A&format=json&limit=1&key=txNRTsTz2lGm8cDpwUKRDuSnwb1tZgPN
2019-04-30 16:12:49,256:DEBUG:OpenMapQuest.geocode: https://open.mapquestapi.com/nominatim/v1/search?q=Longmoor+Lane%2C+Liverpool%2C+L9+7AL%0A&format=json&limit=1&key=txNRTsTz2lGm8cDpwUKRDuSnwb1tZgPN
2019-04-30 16:12:49,910:DEBUG:OpenMapQuest.geocode: https://open.mapquestapi.com/nominatim/v1/search?q=Hedgefield+Road%2C+Liverpool%2C+L25+2XE%0A&format=json&limit=1&key=txNRTsTz2lGm8cDpwUKRDuSnwb1tZgPN
2019-04-30 16:12:50,571:DEBUG:OpenMapQuest.geocode: https://open.mapquestapi.com/nominatim/v1/search?q=Crystal+Close%2C+Liverpool%2C+L13+2GA%0A&format=json&limit=1&key=txNRTsTz2lGm8cDpwUKRDuSnwb1tZgPN
2019-04-30 16:12:51,226:DEBUG:OpenMapQuest.geocode: https://open.mapquestapi.com/nominatim/v1/search?q=Berryford+Rd%2C+Liverpool%2C+L14+4ED%0A&format=json&limit=1&key=txNRTsTz2lGm8cDpwUKRDuSnwb1tZgPN
2019-04-30 16:12:51,893:DEBUG:OpenMapQuest.geocode: https://open.mapquestapi.com/nominatim/v1/search?q=Stoneville+Rd%2C+Liverpool%2C+L13+6QD%0A&format=json&limit=1&key=txNRTsTz2lGm8cDpwUKRDuSnwb1tZgPN
2019-04-30 16:12:52,573:DEBUG:OpenMapQuest.geocode: https://open.mapquestapi.com/nominatim/v1/search?q=15+Green+Lane%2CLiverpool%2C+L13+7DY%0A&format=json&limit=1&key=txNRTsTz2lGm8cDpwUKRDuSnwb1tZgPN
2019-04-30 16:12:53,343:DEBUG:OpenMapQuest.geocode: https://open.mapquestapi.com/nominatim/v1/search?q=14+Waller+Close%2C+Liverpool%2C+L4+4QJ%0A&format=json&limit=1&key=txNRTsTz2lGm8cDpwUKRDuSnwb1tZgPN
2019-04-30 16:12:53,993:DEBUG:OpenMapQuest.geocode: https://open.mapquestapi.com/nominatim/v1/search?q=1B+Greenbank+Road%2C+Liverpool%2C+L18+1HG%0A&format=json&limit=1&key=txNRTsTz2lGm8cDpwUKRDuSnwb1tZgPN
2019-04-30 16:12:54,690:DEBUG:OpenMapQuest.geocode: https://open.mapquestapi.com/nominatim/v1/search?q=23+Darby+Road%2C+Liverpool%2C+L19+9BP%0A&format=json&limit=1&key=txNRTsTz2lGm8cDpwUKRDuSnwb1tZgPN
2019-04-30 16:12:55,460:DEBUG:OpenMapQuest.geocode: https://open.mapquestapi.com/nominatim/v1/search?q=157+Edge+Lane%2C+Liverpool%2C+L7+2AB%0A&format=json&limit=1&key=txNRTsTz2lGm8cDpwUKRDuSnwb1tZgPN
2019-04-30 16:12:56,105:DEBUG:FAILED to geolocate record 157 Edge Lane, Liverpool, L7 2AB

2019-04-30 16:12:56,105:DEBUG:OpenMapQuest.geocode: https://open.mapquestapi.com/nominatim/v1/search?q=Jericho+Lane%2C+Liverpool%2C+L17+5AR%0A&format=json&limit=1&key=txNRTsTz2lGm8cDpwUKRDuSnwb1tZgPN
2019-04-30 16:12:56,776:DEBUG:OpenMapQuest.geocode: https://open.mapquestapi.com/nominatim/v1/search?q=105+East+Millwood+Road%2C+Liverpool%2C+L24+6TH%0A&format=json&limit=1&key=txNRTsTz2lGm8cDpwUKRDuSnwb1tZgPN
2019-04-30 16:12:57,477:DEBUG:OpenMapQuest.geocode: https://open.mapquestapi.com/nominatim/v1/search?q=75+Hartsbourne+Avenue%2C+Liverpool%2C+L25+1RY%0A&format=json&limit=1&key=txNRTsTz2lGm8cDpwUKRDuSnwb1tZgPN
2019-04-30 16:12:58,122:DEBUG:OpenMapQuest.geocode: https://open.mapquestapi.com/nominatim/v1/search?q=20+Quarry+Street%2C+Liverpool%2C+L25+6HE%0A&format=json&limit=1&key=txNRTsTz2lGm8cDpwUKRDuSnwb1tZgPN
2019-04-30 16:12:58,762:DEBUG:OpenMapQuest.geocode: https://open.mapquestapi.com/nominatim/v1/search?q=Long+Lane%2C+Liverpool%2C+L9+6DQ%0A&format=json&limit=1&key=txNRTsTz2lGm8cDpwUKRDuSnwb1tZgPN
2019-04-30 16:12:59,410:DEBUG:OpenMapQuest.geocode: https://open.mapquestapi.com/nominatim/v1/search?q=South+Parade%2C+Liverpool%2C+L24+2SF%0A&format=json&limit=1&key=txNRTsTz2lGm8cDpwUKRDuSnwb1tZgPN
2019-04-30 16:13:00,043:DEBUG:OpenMapQuest.geocode: https://open.mapquestapi.com/nominatim/v1/search?q=Limekiln+Lane%2C+Liverpool%2C+L5+8XR%0A&format=json&limit=1&key=txNRTsTz2lGm8cDpwUKRDuSnwb1tZgPN
2019-04-30 16:13:00,670:DEBUG:OpenMapQuest.geocode: https://open.mapquestapi.com/nominatim/v1/search?q=Longreach+Rd%2C+Liverpool%2C+L14+0NL%0A&format=json&limit=1&key=txNRTsTz2lGm8cDpwUKRDuSnwb1tZgPN
2019-04-30 16:13:01,311:DEBUG:OpenMapQuest.geocode: https://open.mapquestapi.com/nominatim/v1/search?q=8+Greenbank+Dr%2C+Liverpool+L17+1AW%0A&format=json&limit=1&key=txNRTsTz2lGm8cDpwUKRDuSnwb1tZgPN
2019-04-30 16:13:01,944:DEBUG:FAILED to geolocate record 8 Greenbank Dr, Liverpool L17 1AW

2019-04-30 16:13:01,944:DEBUG:OpenMapQuest.geocode: https://open.mapquestapi.com/nominatim/v1/search?q=2+Penvalley+Crescent%2CLiverpool%2C+L6+3BY%0A&format=json&limit=1&key=txNRTsTz2lGm8cDpwUKRDuSnwb1tZgPN
2019-04-30 16:13:02,611:DEBUG:OpenMapQuest.geocode: https://open.mapquestapi.com/nominatim/v1/search?q=Bentley+Road%2C+Liverpool%2C+L8+0SY%0A&format=json&limit=1&key=txNRTsTz2lGm8cDpwUKRDuSnwb1tZgPN
2019-04-30 16:13:03,251:DEBUG:OpenMapQuest.geocode: https://open.mapquestapi.com/nominatim/v1/search?q=215+Childwall+Road%2C+Liverpool%2CL15+6UT%0A&format=json&limit=1&key=txNRTsTz2lGm8cDpwUKRDuSnwb1tZgPN
2019-04-30 16:13:03,895:DEBUG:OpenMapQuest.geocode: https://open.mapquestapi.com/nominatim/v1/search?q=3+Winterburn+Crescent%2C+Liverpool%2C+L12+8SA%0A&format=json&limit=1&key=txNRTsTz2lGm8cDpwUKRDuSnwb1tZgPN
2019-04-30 16:13:04,543:DEBUG:OpenMapQuest.geocode: https://open.mapquestapi.com/nominatim/v1/search?q=361-365+Queens+Drive%2C+Liverpool%2C+L4+8SJ%0A&format=json&limit=1&key=txNRTsTz2lGm8cDpwUKRDuSnwb1tZgPN
2019-04-30 16:13:05,290:DEBUG:OpenMapQuest.geocode: https://open.mapquestapi.com/nominatim/v1/search?q=19+Lance+Lane%2C+Liverpool%2C+L15+6TS%0A&format=json&limit=1&key=txNRTsTz2lGm8cDpwUKRDuSnwb1tZgPN
2019-04-30 16:13:05,959:DEBUG:OpenMapQuest.geocode: https://open.mapquestapi.com/nominatim/v1/search?q=Smithdown+Road%2C+Liverpool%2C+L15+2LQ%0A&format=json&limit=1&key=txNRTsTz2lGm8cDpwUKRDuSnwb1tZgPN
2019-04-30 16:13:06,610:DEBUG:OpenMapQuest.geocode: https://open.mapquestapi.com/nominatim/v1/search?q=+2+Vauxhall+Rd%2C+Liverpool+L3+2BG%0A&format=json&limit=1&key=txNRTsTz2lGm8cDpwUKRDuSnwb1tZgPN
2019-04-30 16:13:07,324:DEBUG:OpenMapQuest.geocode: https://open.mapquestapi.com/nominatim/v1/search?q=1+Rutherford+Road%2C+Liverpool%2C+L18+0HJ%0A&format=json&limit=1&key=txNRTsTz2lGm8cDpwUKRDuSnwb1tZgPN
2019-04-30 16:13:07,940:DEBUG:OpenMapQuest.geocode: https://open.mapquestapi.com/nominatim/v1/search?q=70+Pembroke+Place%2C+Liverpool%2C+L69+3GF%0A&format=json&limit=1&key=txNRTsTz2lGm8cDpwUKRDuSnwb1tZgPN
2019-04-30 16:13:08,593:DEBUG:OpenMapQuest.geocode: https://open.mapquestapi.com/nominatim/v1/search?q=34+Poulter+Road%2C+Liverpool%2C+L9+0HL%0A&format=json&limit=1&key=txNRTsTz2lGm8cDpwUKRDuSnwb1tZgPN
2019-04-30 16:13:09,254:DEBUG:OpenMapQuest.geocode: https://open.mapquestapi.com/nominatim/v1/search?q=88+Derby+Lane%2C+Liverpool%2C+L13+3DN%0A&format=json&limit=1&key=txNRTsTz2lGm8cDpwUKRDuSnwb1tZgPN
2019-04-30 16:13:09,965:DEBUG:OpenMapQuest.geocode: https://open.mapquestapi.com/nominatim/v1/search?q=Middlemass+Hey%2C+Liverpool%2C+L27+7AF%0A&format=json&limit=1&key=txNRTsTz2lGm8cDpwUKRDuSnwb1tZgPN
2019-04-30 16:13:10,592:DEBUG:OpenMapQuest.geocode: https://open.mapquestapi.com/nominatim/v1/search?q=584+Mather+Avenue%2C+Liverpool%2C+L19+4UG%0A&format=json&limit=1&key=txNRTsTz2lGm8cDpwUKRDuSnwb1tZgPN
2019-04-30 16:13:11,555:DEBUG:OpenMapQuest.geocode: https://open.mapquestapi.com/nominatim/v1/search?q=60+Stanley+Road%2C+Liverpool%2C+L5+2QA%0A&format=json&limit=1&key=txNRTsTz2lGm8cDpwUKRDuSnwb1tZgPN
2019-04-30 16:13:12,208:DEBUG:OpenMapQuest.geocode: https://open.mapquestapi.com/nominatim/v1/search?q=Park+Street%2C+Liverpool%2C+L8+6QP%0A&format=json&limit=1&key=txNRTsTz2lGm8cDpwUKRDuSnwb1tZgPN
2019-04-30 16:13:12,834:DEBUG:OpenMapQuest.geocode: https://open.mapquestapi.com/nominatim/v1/search?q=46+Moss+Lane%2C+Liverpool%2C+L9+8AL%0A&format=json&limit=1&key=txNRTsTz2lGm8cDpwUKRDuSnwb1tZgPN
2019-04-30 16:13:13,460:DEBUG:OpenMapQuest.geocode: https://open.mapquestapi.com/nominatim/v1/search?q=3+The+Elms%2C+Liverpool%2C+L8+3SS%0A&format=json&limit=1&key=txNRTsTz2lGm8cDpwUKRDuSnwb1tZgPN
2019-04-30 16:13:14,110:DEBUG:OpenMapQuest.geocode: https://open.mapquestapi.com/nominatim/v1/search?q=45+Everton+Road%2C+Liverpool%2C+L6+2EH%0A&format=json&limit=1&key=txNRTsTz2lGm8cDpwUKRDuSnwb1tZgPN
2019-04-30 16:13:14,777:DEBUG:OpenMapQuest.geocode: https://open.mapquestapi.com/nominatim/v1/search?q=1+Ashfield+Road%2C+Liverpool%2C+L17+0BY%0A&format=json&limit=1&key=txNRTsTz2lGm8cDpwUKRDuSnwb1tZgPN
2019-04-30 16:13:15,434:DEBUG:OpenMapQuest.geocode: https://open.mapquestapi.com/nominatim/v1/search?q=2+Penvalley+Crescent%2C+Liverpool%2C+L6+3BY%0A&format=json&limit=1&key=txNRTsTz2lGm8cDpwUKRDuSnwb1tZgPN
2019-04-30 16:13:16,043:DEBUG:OpenMapQuest.geocode: https://open.mapquestapi.com/nominatim/v1/search?q=Orphan+Drive%2C+Liverpool%2C+L6+7UN%0A&format=json&limit=1&key=txNRTsTz2lGm8cDpwUKRDuSnwb1tZgPN
2019-04-30 16:13:16,660:DEBUG:OpenMapQuest.geocode: https://open.mapquestapi.com/nominatim/v1/search?q=45+Everton+Road%2C+Liverpool%2C+L6+2EH%0A&format=json&limit=1&key=txNRTsTz2lGm8cDpwUKRDuSnwb1tZgPN
2019-04-30 16:13:17,304:DEBUG:OpenMapQuest.geocode: https://open.mapquestapi.com/nominatim/v1/search?q=80+Rocky+Lane%2C+Liverpool%2C+L16+1JD%0A&format=json&limit=1&key=txNRTsTz2lGm8cDpwUKRDuSnwb1tZgPN
2019-04-30 16:13:17,975:DEBUG:OpenMapQuest.geocode: https://open.mapquestapi.com/nominatim/v1/search?q=51-53+Moss+Way%2C+Liverpool%2C+L11+0BL%0A&format=json&limit=1&key=txNRTsTz2lGm8cDpwUKRDuSnwb1tZgPN
2019-04-30 16:13:18,610:DEBUG:OpenMapQuest.geocode: https://open.mapquestapi.com/nominatim/v1/search?q=52+Croxteth+Hall+Lane%2C+Liverpool%2C+L11+4UG%0A&format=json&limit=1&key=txNRTsTz2lGm8cDpwUKRDuSnwb1tZgPN
2019-04-30 16:13:19,258:DEBUG:OpenMapQuest.geocode: https://open.mapquestapi.com/nominatim/v1/search?q=Park+Street%2C+Liverpool%2C+L8+6QP%0A&format=json&limit=1&key=txNRTsTz2lGm8cDpwUKRDuSnwb1tZgPN
2019-04-30 16:13:19,899:DEBUG:OpenMapQuest.geocode: https://open.mapquestapi.com/nominatim/v1/search?q=Belmont+Grove%2C+Liverpool%2C+L6+4EW%0A&format=json&limit=1&key=txNRTsTz2lGm8cDpwUKRDuSnwb1tZgPN
2019-04-30 16:13:20,574:DEBUG:OpenMapQuest.geocode: https://open.mapquestapi.com/nominatim/v1/search?q=131+Earle+Road%2C+Liverpool%2C+L7+6HD%0A&format=json&limit=1&key=txNRTsTz2lGm8cDpwUKRDuSnwb1tZgPN
2019-04-30 16:13:21,210:DEBUG:OpenMapQuest.geocode: https://open.mapquestapi.com/nominatim/v1/search?q=South+Parade%2C+Liverpool%2C+L24+2SF%0A&format=json&limit=1&key=txNRTsTz2lGm8cDpwUKRDuSnwb1tZgPN
2019-04-30 16:13:21,838:DEBUG:OpenMapQuest.geocode: https://open.mapquestapi.com/nominatim/v1/search?q=49+Belle+Vale+Road%2C+Liverpool%2C+L25+2PA%0A&format=json&limit=1&key=txNRTsTz2lGm8cDpwUKRDuSnwb1tZgPN
2019-04-30 16:13:22,557:DEBUG:OpenMapQuest.geocode: https://open.mapquestapi.com/nominatim/v1/search?q=1A+Aigburth+Road%2C+Liverpool%2C+L17+4JP%0A&format=json&limit=1&key=txNRTsTz2lGm8cDpwUKRDuSnwb1tZgPN
2019-04-30 16:13:23,252:DEBUG:OpenMapQuest.geocode: https://open.mapquestapi.com/nominatim/v1/search?q=7+Smithdown+Place%2C+Liverpool%2C+L15+9EH%0A&format=json&limit=1&key=txNRTsTz2lGm8cDpwUKRDuSnwb1tZgPN
2019-04-30 16:13:23,903:DEBUG:OpenMapQuest.geocode: https://open.mapquestapi.com/nominatim/v1/search?q=131+Earle+Road%2C+Liverpool%2C+L7+6HD%0A&format=json&limit=1&key=txNRTsTz2lGm8cDpwUKRDuSnwb1tZgPN
2019-04-30 16:13:24,545:DEBUG:OpenMapQuest.geocode: https://open.mapquestapi.com/nominatim/v1/search?q=1-3+Rice+Lane%2C+Liverpool%2C+L9+1AD%0A&format=json&limit=1&key=txNRTsTz2lGm8cDpwUKRDuSnwb1tZgPN
2019-04-30 16:13:25,227:DEBUG:OpenMapQuest.geocode: https://open.mapquestapi.com/nominatim/v1/search?q=Broad+Lane%2C+Liverpool%2C+L11+1AD%0A&format=json&limit=1&key=txNRTsTz2lGm8cDpwUKRDuSnwb1tZgPN
2019-04-30 16:13:25,972:DEBUG:OpenMapQuest.geocode: https://open.mapquestapi.com/nominatim/v1/search?q=Hornspit+Lane%2C+Liverpool%2C+L12+5LT%0A&format=json&limit=1&key=txNRTsTz2lGm8cDpwUKRDuSnwb1tZgPN
2019-04-30 16:13:26,607:DEBUG:OpenMapQuest.geocode: https://open.mapquestapi.com/nominatim/v1/search?q=29+Great+George+Square%2C+Liverpool%2C+L1+5DZ%0A&format=json&limit=1&key=txNRTsTz2lGm8cDpwUKRDuSnwb1tZgPN
2019-04-30 16:13:27,227:DEBUG:FAILED to geolocate record 29 Great George Square, Liverpool, L1 5DZ

2019-04-30 16:13:27,242:DEBUG:OpenMapQuest.geocode: https://open.mapquestapi.com/nominatim/v1/search?q=Bigham+Road%2C+Liverpool%2C+L6+6DW%0A&format=json&limit=1&key=txNRTsTz2lGm8cDpwUKRDuSnwb1tZgPN
2019-04-30 16:13:27,872:DEBUG:OpenMapQuest.geocode: https://open.mapquestapi.com/nominatim/v1/search?q=48+Petherick+Road%2C+Liverpool%2C+L11+0AG%0A&format=json&limit=1&key=txNRTsTz2lGm8cDpwUKRDuSnwb1tZgPN
2019-04-30 16:13:28,481:DEBUG:OpenMapQuest.geocode: https://open.mapquestapi.com/nominatim/v1/search?q=172+Walton+Village%2C+Liverpool%2C+L4+6TW%0A&format=json&limit=1&key=txNRTsTz2lGm8cDpwUKRDuSnwb1tZgPN
2019-04-30 16:13:29,093:DEBUG:OpenMapQuest.geocode: https://open.mapquestapi.com/nominatim/v1/search?q=24+Carr+Lane%2C+Liverpool%2C+L11+2YA%0A&format=json&limit=1&key=txNRTsTz2lGm8cDpwUKRDuSnwb1tZgPN
2019-04-30 16:13:29,904:DEBUG:OpenMapQuest.geocode: https://open.mapquestapi.com/nominatim/v1/search?q=1+Gateacre+Brow%2C+Liverpool%2C+L25+3PA%0A&format=json&limit=1&key=txNRTsTz2lGm8cDpwUKRDuSnwb1tZgPN
2019-04-30 16:13:30,561:DEBUG:OpenMapQuest.geocode: https://open.mapquestapi.com/nominatim/v1/search?q=45+Everton+Road%2C+Liverpool%2C+L6+2EH%0A&format=json&limit=1&key=txNRTsTz2lGm8cDpwUKRDuSnwb1tZgPN
2019-04-30 16:13:31,210:DEBUG:OpenMapQuest.geocode: https://open.mapquestapi.com/nominatim/v1/search?q=Westminister+Road%2C+Liverpool%2C+L4+4PP%0A&format=json&limit=1&key=txNRTsTz2lGm8cDpwUKRDuSnwb1tZgPN
2019-04-30 16:13:31,810:DEBUG:FAILED to geolocate record Westminister Road, Liverpool, L4 4PP

2019-04-30 16:13:31,826:DEBUG:OpenMapQuest.geocode: https://open.mapquestapi.com/nominatim/v1/search?q=Church+Road%2C+Liverpool%2C+L19+2LW%0A&format=json&limit=1&key=txNRTsTz2lGm8cDpwUKRDuSnwb1tZgPN
2019-04-30 16:13:32,453:DEBUG:OpenMapQuest.geocode: https://open.mapquestapi.com/nominatim/v1/search?q=Blacklock+Hall+Road%2C+Liverpool%2C+L24+3TY%0A&format=json&limit=1&key=txNRTsTz2lGm8cDpwUKRDuSnwb1tZgPN
2019-04-30 16:13:33,110:DEBUG:OpenMapQuest.geocode: https://open.mapquestapi.com/nominatim/v1/search?q=411-413+East+Prescot+Road%2C+Liverpool+L14+2DE%0A&format=json&limit=1&key=txNRTsTz2lGm8cDpwUKRDuSnwb1tZgPN
2019-04-30 16:13:33,760:DEBUG:OpenMapQuest.geocode: https://open.mapquestapi.com/nominatim/v1/search?q=70+Hillfoot+Road%2C+Liverpool%2C+L25+0ND%0A&format=json&limit=1&key=txNRTsTz2lGm8cDpwUKRDuSnwb1tZgPN
2019-04-30 16:13:34,392:DEBUG:OpenMapQuest.geocode: https://open.mapquestapi.com/nominatim/v1/search?q=Fir+Tree+Drive+South%2CLiverpool+L12+0JE%0A&format=json&limit=1&key=txNRTsTz2lGm8cDpwUKRDuSnwb1tZgPN
2019-04-30 16:13:35,035:DEBUG:OpenMapQuest.geocode: https://open.mapquestapi.com/nominatim/v1/search?q=Westminster+Road%2CLiverpool+L4+4PP%0A&format=json&limit=1&key=txNRTsTz2lGm8cDpwUKRDuSnwb1tZgPN
2019-04-30 16:13:35,678:DEBUG:OpenMapQuest.geocode: https://open.mapquestapi.com/nominatim/v1/search?q=73+Queens+Drive%2C+Liverpool%2C+L18+2DU%0A&format=json&limit=1&key=txNRTsTz2lGm8cDpwUKRDuSnwb1tZgPN
2019-04-30 16:13:36,410:DEBUG:OpenMapQuest.geocode: https://open.mapquestapi.com/nominatim/v1/search?q=Aldams+Grove%2C+Liverpool+L4+3TT%0A&format=json&limit=1&key=txNRTsTz2lGm8cDpwUKRDuSnwb1tZgPN
2019-04-30 16:13:37,042:DEBUG:OpenMapQuest.geocode: https://open.mapquestapi.com/nominatim/v1/search?q=Park+Street%2C+Liverpool%2C+L8+6QP%0A&format=json&limit=1&key=txNRTsTz2lGm8cDpwUKRDuSnwb1tZgPN
2019-04-30 16:13:37,669:DEBUG:OpenMapQuest.geocode: https://open.mapquestapi.com/nominatim/v1/search?q=Stopgate+Lane%2C+Liverpool+L9%0A&format=json&limit=1&key=txNRTsTz2lGm8cDpwUKRDuSnwb1tZgPN
2019-04-30 16:13:38,327:DEBUG:OpenMapQuest.geocode: https://open.mapquestapi.com/nominatim/v1/search?q=4-6+Woolton+Street%2C+Liverpool%2C+L25+5JA%0A&format=json&limit=1&key=txNRTsTz2lGm8cDpwUKRDuSnwb1tZgPN
2019-04-30 16:13:39,004:DEBUG:OpenMapQuest.geocode: https://open.mapquestapi.com/nominatim/v1/search?q=South+Parade%2C+Liverpool%2C+L24+2SF.%0A&format=json&limit=1&key=txNRTsTz2lGm8cDpwUKRDuSnwb1tZgPN
2019-04-30 16:13:39,650:DEBUG:OpenMapQuest.geocode: https://open.mapquestapi.com/nominatim/v1/search?q=137+Earle+Rd%2C+L7+6HD%0A&format=json&limit=1&key=txNRTsTz2lGm8cDpwUKRDuSnwb1tZgPN
2019-04-30 16:13:40,260:DEBUG:OpenMapQuest.geocode: https://open.mapquestapi.com/nominatim/v1/search?q=1+Storrsdale+Road%2C+Allerton%2C+L18+7JY%0A&format=json&limit=1&key=txNRTsTz2lGm8cDpwUKRDuSnwb1tZgPN
2019-04-30 16:13:40,953:DEBUG:OpenMapQuest.geocode: https://open.mapquestapi.com/nominatim/v1/search?q=Grove+Street%2C+Liverpool%2C+L7+7HG%0A&format=json&limit=1&key=txNRTsTz2lGm8cDpwUKRDuSnwb1tZgPN
2019-05-01 17:09:55,391:DEBUG:creating geocoding objects.
2019-05-01 17:09:55,393:DEBUG:OpenMapQuest.geocode: https://open.mapquestapi.com/nominatim/v1/search?q=98+Townsend+Lane%2CLiverpool%2C+L6+0BB%0A&format=json&limit=1&key=txNRTsTz2lGm8cDpwUKRDuSnwb1tZgPN
2019-05-01 17:09:56,190:DEBUG:OpenMapQuest.geocode: https://open.mapquestapi.com/nominatim/v1/search?q=49-51+Mere+Lane%2CLiverpool%2C+L5+0QW%0A&format=json&limit=1&key=txNRTsTz2lGm8cDpwUKRDuSnwb1tZgPN
2019-05-01 17:09:56,880:DEBUG:OpenMapQuest.geocode: https://open.mapquestapi.com/nominatim/v1/search?q=Crystal+Close%2CLiverpool%2C+L13+2GA%0A&format=json&limit=1&key=txNRTsTz2lGm8cDpwUKRDuSnwb1tZgPN
2019-05-01 17:09:57,507:DEBUG:OpenMapQuest.geocode: https://open.mapquestapi.com/nominatim/v1/search?q=Longmoor+Lane%2C+Liverpool%2C+L9+7AL%0A&format=json&limit=1&key=txNRTsTz2lGm8cDpwUKRDuSnwb1tZgPN
2019-05-01 17:09:58,119:DEBUG:OpenMapQuest.geocode: https://open.mapquestapi.com/nominatim/v1/search?q=Hedgefield+Road%2C+Liverpool%2C+L25+2XE%0A&format=json&limit=1&key=txNRTsTz2lGm8cDpwUKRDuSnwb1tZgPN
2019-05-01 17:09:58,762:DEBUG:OpenMapQuest.geocode: https://open.mapquestapi.com/nominatim/v1/search?q=Crystal+Close%2C+Liverpool%2C+L13+2GA%0A&format=json&limit=1&key=txNRTsTz2lGm8cDpwUKRDuSnwb1tZgPN
2019-05-01 17:09:59,389:DEBUG:OpenMapQuest.geocode: https://open.mapquestapi.com/nominatim/v1/search?q=Berryford+Rd%2C+Liverpool%2C+L14+4ED%0A&format=json&limit=1&key=txNRTsTz2lGm8cDpwUKRDuSnwb1tZgPN
2019-05-01 17:10:00,016:DEBUG:OpenMapQuest.geocode: https://open.mapquestapi.com/nominatim/v1/search?q=Stoneville+Rd%2C+Liverpool%2C+L13+6QD%0A&format=json&limit=1&key=txNRTsTz2lGm8cDpwUKRDuSnwb1tZgPN
2019-05-01 17:10:00,621:DEBUG:OpenMapQuest.geocode: https://open.mapquestapi.com/nominatim/v1/search?q=15+Green+Lane%2CLiverpool%2C+L13+7DY%0A&format=json&limit=1&key=txNRTsTz2lGm8cDpwUKRDuSnwb1tZgPN
2019-05-01 17:10:01,305:DEBUG:OpenMapQuest.geocode: https://open.mapquestapi.com/nominatim/v1/search?q=14+Waller+Close%2C+Liverpool%2C+L4+4QJ%0A&format=json&limit=1&key=txNRTsTz2lGm8cDpwUKRDuSnwb1tZgPN
2019-05-01 17:10:02,005:DEBUG:OpenMapQuest.geocode: https://open.mapquestapi.com/nominatim/v1/search?q=1B+Greenbank+Road%2C+Liverpool%2C+L18+1HG%0A&format=json&limit=1&key=txNRTsTz2lGm8cDpwUKRDuSnwb1tZgPN
2019-05-01 17:10:02,922:DEBUG:OpenMapQuest.geocode: https://open.mapquestapi.com/nominatim/v1/search?q=23+Darby+Road%2C+Liverpool%2C+L19+9BP%0A&format=json&limit=1&key=txNRTsTz2lGm8cDpwUKRDuSnwb1tZgPN
2019-05-01 17:10:03,705:DEBUG:OpenMapQuest.geocode: https://open.mapquestapi.com/nominatim/v1/search?q=157+Edge+Lane%2C+Liverpool%2C+L7+2AB%0A&format=json&limit=1&key=txNRTsTz2lGm8cDpwUKRDuSnwb1tZgPN
2019-05-01 17:10:04,539:DEBUG:FAILED to geolocate record 157 Edge Lane, Liverpool, L7 2AB

2019-05-01 17:10:04,539:DEBUG:OpenMapQuest.geocode: https://open.mapquestapi.com/nominatim/v1/search?q=Jericho+Lane%2C+Liverpool%2C+L17+5AR%0A&format=json&limit=1&key=txNRTsTz2lGm8cDpwUKRDuSnwb1tZgPN
2019-05-01 17:10:05,222:DEBUG:OpenMapQuest.geocode: https://open.mapquestapi.com/nominatim/v1/search?q=105+East+Millwood+Road%2C+Liverpool%2C+L24+6TH%0A&format=json&limit=1&key=txNRTsTz2lGm8cDpwUKRDuSnwb1tZgPN
2019-05-01 17:10:05,955:DEBUG:OpenMapQuest.geocode: https://open.mapquestapi.com/nominatim/v1/search?q=75+Hartsbourne+Avenue%2C+Liverpool%2C+L25+1RY%0A&format=json&limit=1&key=txNRTsTz2lGm8cDpwUKRDuSnwb1tZgPN
2019-05-01 17:10:06,604:DEBUG:OpenMapQuest.geocode: https://open.mapquestapi.com/nominatim/v1/search?q=20+Quarry+Street%2C+Liverpool%2C+L25+6HE%0A&format=json&limit=1&key=txNRTsTz2lGm8cDpwUKRDuSnwb1tZgPN
2019-05-01 17:10:07,387:DEBUG:OpenMapQuest.geocode: https://open.mapquestapi.com/nominatim/v1/search?q=Long+Lane%2C+Liverpool%2C+L9+6DQ%0A&format=json&limit=1&key=txNRTsTz2lGm8cDpwUKRDuSnwb1tZgPN
2019-05-01 17:10:08,021:DEBUG:OpenMapQuest.geocode: https://open.mapquestapi.com/nominatim/v1/search?q=South+Parade%2C+Liverpool%2C+L24+2SF%0A&format=json&limit=1&key=txNRTsTz2lGm8cDpwUKRDuSnwb1tZgPN
2019-05-01 17:10:08,738:DEBUG:OpenMapQuest.geocode: https://open.mapquestapi.com/nominatim/v1/search?q=Limekiln+Lane%2C+Liverpool%2C+L5+8XR%0A&format=json&limit=1&key=txNRTsTz2lGm8cDpwUKRDuSnwb1tZgPN
2019-05-01 17:10:09,409:DEBUG:OpenMapQuest.geocode: https://open.mapquestapi.com/nominatim/v1/search?q=Longreach+Rd%2C+Liverpool%2C+L14+0NL%0A&format=json&limit=1&key=txNRTsTz2lGm8cDpwUKRDuSnwb1tZgPN
2019-05-01 17:10:10,050:DEBUG:OpenMapQuest.geocode: https://open.mapquestapi.com/nominatim/v1/search?q=8+Greenbank+Dr%2C+Liverpool+L17+1AW%0A&format=json&limit=1&key=txNRTsTz2lGm8cDpwUKRDuSnwb1tZgPN
2019-05-01 17:10:10,852:DEBUG:FAILED to geolocate record 8 Greenbank Dr, Liverpool L17 1AW

2019-05-01 17:10:10,867:DEBUG:OpenMapQuest.geocode: https://open.mapquestapi.com/nominatim/v1/search?q=2+Penvalley+Crescent%2CLiverpool%2C+L6+3BY%0A&format=json&limit=1&key=txNRTsTz2lGm8cDpwUKRDuSnwb1tZgPN
2019-05-01 17:10:11,521:DEBUG:OpenMapQuest.geocode: https://open.mapquestapi.com/nominatim/v1/search?q=Bentley+Road%2C+Liverpool%2C+L8+0SY%0A&format=json&limit=1&key=txNRTsTz2lGm8cDpwUKRDuSnwb1tZgPN
2019-05-01 17:10:12,277:DEBUG:OpenMapQuest.geocode: https://open.mapquestapi.com/nominatim/v1/search?q=215+Childwall+Road%2C+Liverpool%2CL15+6UT%0A&format=json&limit=1&key=txNRTsTz2lGm8cDpwUKRDuSnwb1tZgPN
2019-05-01 17:10:13,359:DEBUG:OpenMapQuest.geocode: https://open.mapquestapi.com/nominatim/v1/search?q=3+Winterburn+Crescent%2C+Liverpool%2C+L12+8SA%0A&format=json&limit=1&key=txNRTsTz2lGm8cDpwUKRDuSnwb1tZgPN
2019-05-01 17:10:14,002:DEBUG:OpenMapQuest.geocode: https://open.mapquestapi.com/nominatim/v1/search?q=361-365+Queens+Drive%2C+Liverpool%2C+L4+8SJ%0A&format=json&limit=1&key=txNRTsTz2lGm8cDpwUKRDuSnwb1tZgPN
2019-05-01 17:10:14,755:DEBUG:OpenMapQuest.geocode: https://open.mapquestapi.com/nominatim/v1/search?q=19+Lance+Lane%2C+Liverpool%2C+L15+6TS%0A&format=json&limit=1&key=txNRTsTz2lGm8cDpwUKRDuSnwb1tZgPN
2019-05-01 17:10:15,444:DEBUG:OpenMapQuest.geocode: https://open.mapquestapi.com/nominatim/v1/search?q=Smithdown+Road%2C+Liverpool%2C+L15+2LQ%0A&format=json&limit=1&key=txNRTsTz2lGm8cDpwUKRDuSnwb1tZgPN
2019-05-01 17:10:16,120:DEBUG:OpenMapQuest.geocode: https://open.mapquestapi.com/nominatim/v1/search?q=+2+Vauxhall+Rd%2C+Liverpool+L3+2BG%0A&format=json&limit=1&key=txNRTsTz2lGm8cDpwUKRDuSnwb1tZgPN
2019-05-01 17:10:16,809:DEBUG:OpenMapQuest.geocode: https://open.mapquestapi.com/nominatim/v1/search?q=1+Rutherford+Road%2C+Liverpool%2C+L18+0HJ%0A&format=json&limit=1&key=txNRTsTz2lGm8cDpwUKRDuSnwb1tZgPN
2019-05-01 17:10:17,607:DEBUG:OpenMapQuest.geocode: https://open.mapquestapi.com/nominatim/v1/search?q=70+Pembroke+Place%2C+Liverpool%2C+L69+3GF%0A&format=json&limit=1&key=txNRTsTz2lGm8cDpwUKRDuSnwb1tZgPN
2019-05-01 17:10:18,300:DEBUG:OpenMapQuest.geocode: https://open.mapquestapi.com/nominatim/v1/search?q=34+Poulter+Road%2C+Liverpool%2C+L9+0HL%0A&format=json&limit=1&key=txNRTsTz2lGm8cDpwUKRDuSnwb1tZgPN
2019-05-01 17:10:18,927:DEBUG:OpenMapQuest.geocode: https://open.mapquestapi.com/nominatim/v1/search?q=88+Derby+Lane%2C+Liverpool%2C+L13+3DN%0A&format=json&limit=1&key=txNRTsTz2lGm8cDpwUKRDuSnwb1tZgPN
2019-05-01 17:10:19,709:DEBUG:OpenMapQuest.geocode: https://open.mapquestapi.com/nominatim/v1/search?q=Middlemass+Hey%2C+Liverpool%2C+L27+7AF%0A&format=json&limit=1&key=txNRTsTz2lGm8cDpwUKRDuSnwb1tZgPN
2019-05-01 17:10:20,337:DEBUG:OpenMapQuest.geocode: https://open.mapquestapi.com/nominatim/v1/search?q=584+Mather+Avenue%2C+Liverpool%2C+L19+4UG%0A&format=json&limit=1&key=txNRTsTz2lGm8cDpwUKRDuSnwb1tZgPN
2019-05-01 17:10:21,090:DEBUG:OpenMapQuest.geocode: https://open.mapquestapi.com/nominatim/v1/search?q=60+Stanley+Road%2C+Liverpool%2C+L5+2QA%0A&format=json&limit=1&key=txNRTsTz2lGm8cDpwUKRDuSnwb1tZgPN
2019-05-01 17:10:21,764:DEBUG:OpenMapQuest.geocode: https://open.mapquestapi.com/nominatim/v1/search?q=Park+Street%2C+Liverpool%2C+L8+6QP%0A&format=json&limit=1&key=txNRTsTz2lGm8cDpwUKRDuSnwb1tZgPN
2019-05-01 17:10:22,517:DEBUG:OpenMapQuest.geocode: https://open.mapquestapi.com/nominatim/v1/search?q=46+Moss+Lane%2C+Liverpool%2C+L9+8AL%0A&format=json&limit=1&key=txNRTsTz2lGm8cDpwUKRDuSnwb1tZgPN
2019-05-01 17:10:23,426:DEBUG:OpenMapQuest.geocode: https://open.mapquestapi.com/nominatim/v1/search?q=3+The+Elms%2C+Liverpool%2C+L8+3SS%0A&format=json&limit=1&key=txNRTsTz2lGm8cDpwUKRDuSnwb1tZgPN
2019-05-01 17:10:24,258:DEBUG:OpenMapQuest.geocode: https://open.mapquestapi.com/nominatim/v1/search?q=45+Everton+Road%2C+Liverpool%2C+L6+2EH%0A&format=json&limit=1&key=txNRTsTz2lGm8cDpwUKRDuSnwb1tZgPN
2019-05-01 17:10:24,948:DEBUG:OpenMapQuest.geocode: https://open.mapquestapi.com/nominatim/v1/search?q=1+Ashfield+Road%2C+Liverpool%2C+L17+0BY%0A&format=json&limit=1&key=txNRTsTz2lGm8cDpwUKRDuSnwb1tZgPN
2019-05-01 17:10:25,653:DEBUG:OpenMapQuest.geocode: https://open.mapquestapi.com/nominatim/v1/search?q=2+Penvalley+Crescent%2C+Liverpool%2C+L6+3BY%0A&format=json&limit=1&key=txNRTsTz2lGm8cDpwUKRDuSnwb1tZgPN
2019-05-01 17:10:26,312:DEBUG:OpenMapQuest.geocode: https://open.mapquestapi.com/nominatim/v1/search?q=Orphan+Drive%2C+Liverpool%2C+L6+7UN%0A&format=json&limit=1&key=txNRTsTz2lGm8cDpwUKRDuSnwb1tZgPN
2019-05-01 17:10:26,939:DEBUG:OpenMapQuest.geocode: https://open.mapquestapi.com/nominatim/v1/search?q=45+Everton+Road%2C+Liverpool%2C+L6+2EH%0A&format=json&limit=1&key=txNRTsTz2lGm8cDpwUKRDuSnwb1tZgPN
2019-05-01 17:10:27,596:DEBUG:OpenMapQuest.geocode: https://open.mapquestapi.com/nominatim/v1/search?q=80+Rocky+Lane%2C+Liverpool%2C+L16+1JD%0A&format=json&limit=1&key=txNRTsTz2lGm8cDpwUKRDuSnwb1tZgPN
2019-05-01 17:10:28,585:DEBUG:OpenMapQuest.geocode: https://open.mapquestapi.com/nominatim/v1/search?q=51-53+Moss+Way%2C+Liverpool%2C+L11+0BL%0A&format=json&limit=1&key=txNRTsTz2lGm8cDpwUKRDuSnwb1tZgPN
2019-05-01 17:10:29,275:DEBUG:OpenMapQuest.geocode: https://open.mapquestapi.com/nominatim/v1/search?q=52+Croxteth+Hall+Lane%2C+Liverpool%2C+L11+4UG%0A&format=json&limit=1&key=txNRTsTz2lGm8cDpwUKRDuSnwb1tZgPN
2019-05-01 17:10:29,935:DEBUG:OpenMapQuest.geocode: https://open.mapquestapi.com/nominatim/v1/search?q=Park+Street%2C+Liverpool%2C+L8+6QP%0A&format=json&limit=1&key=txNRTsTz2lGm8cDpwUKRDuSnwb1tZgPN
2019-05-01 17:10:30,545:DEBUG:OpenMapQuest.geocode: https://open.mapquestapi.com/nominatim/v1/search?q=Belmont+Grove%2C+Liverpool%2C+L6+4EW%0A&format=json&limit=1&key=txNRTsTz2lGm8cDpwUKRDuSnwb1tZgPN
2019-05-01 17:10:31,172:DEBUG:OpenMapQuest.geocode: https://open.mapquestapi.com/nominatim/v1/search?q=131+Earle+Road%2C+Liverpool%2C+L7+6HD%0A&format=json&limit=1&key=txNRTsTz2lGm8cDpwUKRDuSnwb1tZgPN
2019-05-01 17:10:31,800:DEBUG:OpenMapQuest.geocode: https://open.mapquestapi.com/nominatim/v1/search?q=South+Parade%2C+Liverpool%2C+L24+2SF%0A&format=json&limit=1&key=txNRTsTz2lGm8cDpwUKRDuSnwb1tZgPN
2019-05-01 17:10:32,473:DEBUG:OpenMapQuest.geocode: https://open.mapquestapi.com/nominatim/v1/search?q=49+Belle+Vale+Road%2C+Liverpool%2C+L25+2PA%0A&format=json&limit=1&key=txNRTsTz2lGm8cDpwUKRDuSnwb1tZgPN
2019-05-01 17:10:33,148:DEBUG:OpenMapQuest.geocode: https://open.mapquestapi.com/nominatim/v1/search?q=1A+Aigburth+Road%2C+Liverpool%2C+L17+4JP%0A&format=json&limit=1&key=txNRTsTz2lGm8cDpwUKRDuSnwb1tZgPN
2019-05-01 17:10:33,822:DEBUG:OpenMapQuest.geocode: https://open.mapquestapi.com/nominatim/v1/search?q=7+Smithdown+Place%2C+Liverpool%2C+L15+9EH%0A&format=json&limit=1&key=txNRTsTz2lGm8cDpwUKRDuSnwb1tZgPN
2019-05-01 17:10:34,496:DEBUG:OpenMapQuest.geocode: https://open.mapquestapi.com/nominatim/v1/search?q=131+Earle+Road%2C+Liverpool%2C+L7+6HD%0A&format=json&limit=1&key=txNRTsTz2lGm8cDpwUKRDuSnwb1tZgPN
2019-05-01 17:10:35,166:DEBUG:OpenMapQuest.geocode: https://open.mapquestapi.com/nominatim/v1/search?q=1-3+Rice+Lane%2C+Liverpool%2C+L9+1AD%0A&format=json&limit=1&key=txNRTsTz2lGm8cDpwUKRDuSnwb1tZgPN
2019-05-01 17:10:36,064:DEBUG:OpenMapQuest.geocode: https://open.mapquestapi.com/nominatim/v1/search?q=Broad+Lane%2C+Liverpool%2C+L11+1AD%0A&format=json&limit=1&key=txNRTsTz2lGm8cDpwUKRDuSnwb1tZgPN
2019-05-01 17:10:36,864:DEBUG:OpenMapQuest.geocode: https://open.mapquestapi.com/nominatim/v1/search?q=Hornspit+Lane%2C+Liverpool%2C+L12+5LT%0A&format=json&limit=1&key=txNRTsTz2lGm8cDpwUKRDuSnwb1tZgPN
2019-05-01 17:10:37,494:DEBUG:OpenMapQuest.geocode: https://open.mapquestapi.com/nominatim/v1/search?q=29+Great+George+Square%2C+Liverpool%2C+L1+5DZ%0A&format=json&limit=1&key=txNRTsTz2lGm8cDpwUKRDuSnwb1tZgPN
2019-05-01 17:10:38,149:DEBUG:FAILED to geolocate record 29 Great George Square, Liverpool, L1 5DZ

2019-05-01 17:10:38,149:DEBUG:OpenMapQuest.geocode: https://open.mapquestapi.com/nominatim/v1/search?q=Bigham+Road%2C+Liverpool%2C+L6+6DW%0A&format=json&limit=1&key=txNRTsTz2lGm8cDpwUKRDuSnwb1tZgPN
2019-05-01 17:10:38,771:DEBUG:OpenMapQuest.geocode: https://open.mapquestapi.com/nominatim/v1/search?q=48+Petherick+Road%2C+Liverpool%2C+L11+0AG%0A&format=json&limit=1&key=txNRTsTz2lGm8cDpwUKRDuSnwb1tZgPN
2019-05-01 17:10:39,415:DEBUG:OpenMapQuest.geocode: https://open.mapquestapi.com/nominatim/v1/search?q=172+Walton+Village%2C+Liverpool%2C+L4+6TW%0A&format=json&limit=1&key=txNRTsTz2lGm8cDpwUKRDuSnwb1tZgPN
2019-05-01 17:10:40,055:DEBUG:OpenMapQuest.geocode: https://open.mapquestapi.com/nominatim/v1/search?q=24+Carr+Lane%2C+Liverpool%2C+L11+2YA%0A&format=json&limit=1&key=txNRTsTz2lGm8cDpwUKRDuSnwb1tZgPN
2019-05-01 17:10:40,860:DEBUG:OpenMapQuest.geocode: https://open.mapquestapi.com/nominatim/v1/search?q=1+Gateacre+Brow%2C+Liverpool%2C+L25+3PA%0A&format=json&limit=1&key=txNRTsTz2lGm8cDpwUKRDuSnwb1tZgPN
2019-05-01 17:10:41,538:DEBUG:OpenMapQuest.geocode: https://open.mapquestapi.com/nominatim/v1/search?q=45+Everton+Road%2C+Liverpool%2C+L6+2EH%0A&format=json&limit=1&key=txNRTsTz2lGm8cDpwUKRDuSnwb1tZgPN
2019-05-01 17:10:42,220:DEBUG:OpenMapQuest.geocode: https://open.mapquestapi.com/nominatim/v1/search?q=Westminister+Road%2C+Liverpool%2C+L4+4PP%0A&format=json&limit=1&key=txNRTsTz2lGm8cDpwUKRDuSnwb1tZgPN
2019-05-01 17:10:42,939:DEBUG:FAILED to geolocate record Westminister Road, Liverpool, L4 4PP

2019-05-01 17:10:42,939:DEBUG:OpenMapQuest.geocode: https://open.mapquestapi.com/nominatim/v1/search?q=Church+Road%2C+Liverpool%2C+L19+2LW%0A&format=json&limit=1&key=txNRTsTz2lGm8cDpwUKRDuSnwb1tZgPN
2019-05-01 17:10:43,570:DEBUG:OpenMapQuest.geocode: https://open.mapquestapi.com/nominatim/v1/search?q=Blacklock+Hall+Road%2C+Liverpool%2C+L24+3TY%0A&format=json&limit=1&key=txNRTsTz2lGm8cDpwUKRDuSnwb1tZgPN
2019-05-01 17:10:44,185:DEBUG:OpenMapQuest.geocode: https://open.mapquestapi.com/nominatim/v1/search?q=411-413+East+Prescot+Road%2C+Liverpool+L14+2DE%0A&format=json&limit=1&key=txNRTsTz2lGm8cDpwUKRDuSnwb1tZgPN
2019-05-01 17:10:44,925:DEBUG:OpenMapQuest.geocode: https://open.mapquestapi.com/nominatim/v1/search?q=70+Hillfoot+Road%2C+Liverpool%2C+L25+0ND%0A&format=json&limit=1&key=txNRTsTz2lGm8cDpwUKRDuSnwb1tZgPN
2019-05-01 17:10:45,671:DEBUG:OpenMapQuest.geocode: https://open.mapquestapi.com/nominatim/v1/search?q=Fir+Tree+Drive+South%2CLiverpool+L12+0JE%0A&format=json&limit=1&key=txNRTsTz2lGm8cDpwUKRDuSnwb1tZgPN
2019-05-01 17:10:46,299:DEBUG:OpenMapQuest.geocode: https://open.mapquestapi.com/nominatim/v1/search?q=Westminster+Road%2CLiverpool+L4+4PP%0A&format=json&limit=1&key=txNRTsTz2lGm8cDpwUKRDuSnwb1tZgPN
2019-05-01 17:10:47,034:DEBUG:OpenMapQuest.geocode: https://open.mapquestapi.com/nominatim/v1/search?q=73+Queens+Drive%2C+Liverpool%2C+L18+2DU%0A&format=json&limit=1&key=txNRTsTz2lGm8cDpwUKRDuSnwb1tZgPN
2019-05-01 17:10:47,785:DEBUG:OpenMapQuest.geocode: https://open.mapquestapi.com/nominatim/v1/search?q=Aldams+Grove%2C+Liverpool+L4+3TT%0A&format=json&limit=1&key=txNRTsTz2lGm8cDpwUKRDuSnwb1tZgPN
2019-05-01 17:10:48,393:DEBUG:OpenMapQuest.geocode: https://open.mapquestapi.com/nominatim/v1/search?q=Park+Street%2C+Liverpool%2C+L8+6QP%0A&format=json&limit=1&key=txNRTsTz2lGm8cDpwUKRDuSnwb1tZgPN
2019-05-01 17:10:49,142:DEBUG:OpenMapQuest.geocode: https://open.mapquestapi.com/nominatim/v1/search?q=Stopgate+Lane%2C+Liverpool+L9%0A&format=json&limit=1&key=txNRTsTz2lGm8cDpwUKRDuSnwb1tZgPN
2019-05-01 17:10:49,935:DEBUG:OpenMapQuest.geocode: https://open.mapquestapi.com/nominatim/v1/search?q=4-6+Woolton+Street%2C+Liverpool%2C+L25+5JA%0A&format=json&limit=1&key=txNRTsTz2lGm8cDpwUKRDuSnwb1tZgPN
2019-05-01 17:10:50,613:DEBUG:OpenMapQuest.geocode: https://open.mapquestapi.com/nominatim/v1/search?q=South+Parade%2C+Liverpool%2C+L24+2SF.%0A&format=json&limit=1&key=txNRTsTz2lGm8cDpwUKRDuSnwb1tZgPN
2019-05-01 17:10:51,317:DEBUG:OpenMapQuest.geocode: https://open.mapquestapi.com/nominatim/v1/search?q=137+Earle+Rd%2C+L7+6HD%0A&format=json&limit=1&key=txNRTsTz2lGm8cDpwUKRDuSnwb1tZgPN
2019-05-01 17:10:51,922:DEBUG:OpenMapQuest.geocode: https://open.mapquestapi.com/nominatim/v1/search?q=1+Storrsdale+Road%2C+Allerton%2C+L18+7JY%0A&format=json&limit=1&key=txNRTsTz2lGm8cDpwUKRDuSnwb1tZgPN
2019-05-01 17:10:52,561:DEBUG:OpenMapQuest.geocode: https://open.mapquestapi.com/nominatim/v1/search?q=Grove+Street%2C+Liverpool%2C+L7+7HG%0A&format=json&limit=1&key=txNRTsTz2lGm8cDpwUKRDuSnwb1tZgPN
2019-05-01 17:14:23,577:DEBUG:creating geocoding objects.
2019-05-01 17:16:56,899:DEBUG:creating geocoding objects.
2019-05-01 17:16:56,899:DEBUG:OpenMapQuest.geocode: https://open.mapquestapi.com/nominatim/v1/search?q=98+Townsend+Lane%2CLiverpool%2C+L6+0BB%0A&format=json&limit=1&key=txNRTsTz2lGm8cDpwUKRDuSnwb1tZgPN
2019-05-01 17:16:57,673:DEBUG:OpenMapQuest.geocode: https://open.mapquestapi.com/nominatim/v1/search?q=49-51+Mere+Lane%2CLiverpool%2C+L5+0QW%0A&format=json&limit=1&key=txNRTsTz2lGm8cDpwUKRDuSnwb1tZgPN
2019-05-01 17:16:58,324:DEBUG:OpenMapQuest.geocode: https://open.mapquestapi.com/nominatim/v1/search?q=Crystal+Close%2CLiverpool%2C+L13+2GA%0A&format=json&limit=1&key=txNRTsTz2lGm8cDpwUKRDuSnwb1tZgPN
2019-05-01 17:16:58,954:DEBUG:OpenMapQuest.geocode: https://open.mapquestapi.com/nominatim/v1/search?q=Longmoor+Lane%2C+Liverpool%2C+L9+7AL%0A&format=json&limit=1&key=txNRTsTz2lGm8cDpwUKRDuSnwb1tZgPN
2019-05-01 17:16:59,635:DEBUG:OpenMapQuest.geocode: https://open.mapquestapi.com/nominatim/v1/search?q=Hedgefield+Road%2C+Liverpool%2C+L25+2XE%0A&format=json&limit=1&key=txNRTsTz2lGm8cDpwUKRDuSnwb1tZgPN
2019-05-01 17:17:00,255:DEBUG:OpenMapQuest.geocode: https://open.mapquestapi.com/nominatim/v1/search?q=Crystal+Close%2C+Liverpool%2C+L13+2GA%0A&format=json&limit=1&key=txNRTsTz2lGm8cDpwUKRDuSnwb1tZgPN
2019-05-01 17:17:00,914:DEBUG:OpenMapQuest.geocode: https://open.mapquestapi.com/nominatim/v1/search?q=Berryford+Rd%2C+Liverpool%2C+L14+4ED%0A&format=json&limit=1&key=txNRTsTz2lGm8cDpwUKRDuSnwb1tZgPN
2019-05-01 17:17:01,539:DEBUG:OpenMapQuest.geocode: https://open.mapquestapi.com/nominatim/v1/search?q=Stoneville+Rd%2C+Liverpool%2C+L13+6QD%0A&format=json&limit=1&key=txNRTsTz2lGm8cDpwUKRDuSnwb1tZgPN
2019-05-01 17:17:02,172:DEBUG:OpenMapQuest.geocode: https://open.mapquestapi.com/nominatim/v1/search?q=15+Green+Lane%2CLiverpool%2C+L13+7DY%0A&format=json&limit=1&key=txNRTsTz2lGm8cDpwUKRDuSnwb1tZgPN
2019-05-01 17:17:02,872:DEBUG:OpenMapQuest.geocode: https://open.mapquestapi.com/nominatim/v1/search?q=14+Waller+Close%2C+Liverpool%2C+L4+4QJ%0A&format=json&limit=1&key=txNRTsTz2lGm8cDpwUKRDuSnwb1tZgPN
2019-05-01 17:17:03,512:DEBUG:OpenMapQuest.geocode: https://open.mapquestapi.com/nominatim/v1/search?q=1B+Greenbank+Road%2C+Liverpool%2C+L18+1HG%0A&format=json&limit=1&key=txNRTsTz2lGm8cDpwUKRDuSnwb1tZgPN
